1.7.10.r01 - 30-Jun-2014
- initial 1.7.10 update
1.7.2.r03 - 23-May-2014
- removed empty inventory requirement
- proper bspkrsCore version dependency
1.7.2.r02 - 14-Apr-2014
- added support for Items with NBT tags
1.7.2.r01 - 19-Jan-2014
- updated for 1.7.2
1.6.4.r03 - 05-Nov-2013
- fixed config file generation
- resolved issue with server join timeouts (hopefully)
1.6.4.r02 - 17-Oct-2013
- ported code to Forge mod
- changed code to support SMP
- added /startinginv [save/load] command to allow for generating the config file from a player's current inventory
1.6.4.r01 - 20-Sep-2013
- 1.6.4 update
1.6.2.r01 - 10-Jul-2013
- 1.6.2 update
1.6.1.r02 - 09-Jul-2013
- update update
1.6.1.r01 - 05-Jul-2013
- 1.6.1 update
1.5.2.r01 - 03-May-2013
- updated for 1.5.2
1.5.1.r01 - 23-Mar-2013
- updated for 1.5.1
1.5.0.r01 - 15-Mar-2013
- updated for 1.5
1.4.6.r04 - 20-Feb-2013
- updated to support bspkrsCore
1.4.6.r03 - 30-Jan-2013
- got player inventory item add to work again
1.4.6.r01 - 23-Dec-2012
- 1.4.6 update
1.4.5.r01 - 21-Nov-2012
- updated for 1.4.5
1.4.4.r02 - 20-Nov-2012
- fixed handling of config file
1.4.4.r01 - 13-Nov-2012
- updated for 1.4.4
- added default config file
1.4.2.r02 ML - 02-Nov-2012
- fixed tick registration issue with Forge
1.4.2.r01 ML 29-Oct-2012 Direct
- update for 1.4.2
1.3.2.r01 ML 02-Oct-2012 Direct
- removed crappy server command code
- added useBonusChest option
- items are added to chest now instead of dropping near player
1.3.2.b 07-Sep-2012 Direct
- initial release for 1.3.2
- items are now spawned in front of the player